[NX Daemon Server] - 2023-11-28T21:07:32.761Z - Started listening on: \\.\pipe\nx\C:\Users\lucas\AppData\Local\Temp\a7e46fce6b9a2b5fdf8b\d.sock
[NX Daemon Server] - 2023-11-28T21:07:32.765Z - [WATCHER]: Subscribed to changes within: C:\Users\lucas\OneDrive\Documenten\School - Avans\Jaar 2\Blok 2\ClientSide\memorial-platform (native)
[NX Daemon Server] - 2023-11-28T21:07:32.775Z - Established a connection. Number of open connections: 1
[NX Daemon Server] - 2023-11-28T21:07:32.777Z - Closed a connection. Number of open connections: 0
[NX Daemon Server] - 2023-11-28T21:07:32.777Z - Established a connection. Number of open connections: 1
[NX Daemon Server] - 2023-11-28T21:07:32.779Z - [REQUEST]: Client Request for Project Graph Received
[NX Daemon Server] - 2023-11-28T21:07:32.858Z - Error detected when recomputing project file map: Cannot create property 'name' on string 'apps/angular-memorial-platform'
[NX Daemon Server] - 2023-11-28T21:07:32.858Z - [REQUEST]: Responding to the client with an error. Error when preparing serialized project graph. Cannot create property 'name' on string 'apps/angular-memorial-platform'
TypeError: Cannot create property 'name' on string 'apps/angular-memorial-platform'
    at toNewFormat (C:\Users\lucas\OneDrive\Documenten\School - Avans\Jaar 2\Blok 2\ClientSide\memorial-platform\node_modules\nx\src\adapter\angular-json.js:64:32)
    at readAngularJson (C:\Users\lucas\OneDrive\Documenten\School - Avans\Jaar 2\Blok 2\ClientSide\memorial-platform\node_modules\nx\src\adapter\angular-json.js:49:12)
    at exports.NxAngularJsonPlugin.createNodes (C:\Users\lucas\OneDrive\Documenten\School - Avans\Jaar 2\Blok 2\ClientSide\memorial-platform\node_modules\nx\src\adapter\angular-json.js:13:23)
    at buildProjectsConfigurationsFromProjectPathsAndPlugins (C:\Users\lucas\OneDrive\Documenten\School - Avans\Jaar 2\Blok 2\ClientSide\memorial-platform\node_modules\nx\src\project-graph\utils\project-configuration-utils.js:77:88)
    at createProjectConfigurations (C:\Users\lucas\OneDrive\Documenten\School - Avans\Jaar 2\Blok 2\ClientSide\memorial-platform\node_modules\nx\src\project-graph\utils\retrieve-workspace-files.js:136:138)
    at WorkspaceContext.<anonymous> (C:\Users\lucas\OneDrive\Documenten\School - Avans\Jaar 2\Blok 2\ClientSide\memorial-platform\node_modules\nx\src\project-graph\utils\retrieve-workspace-files.js:84:54)
    at getProjectConfigurationsFromContext (C:\Users\lucas\OneDrive\Documenten\School - Avans\Jaar 2\Blok 2\ClientSide\memorial-platform\node_modules\nx\src\utils\workspace-context.js:26:29)
    at _retrieveProjectConfigurations (C:\Users\lucas\OneDrive\Documenten\School - Avans\Jaar 2\Blok 2\ClientSide\memorial-platform\node_modules\nx\src\project-graph\utils\retrieve-workspace-files.js:83:65)
    at retrieveProjectConfigurations (C:\Users\lucas\OneDrive\Documenten\School - Avans\Jaar 2\Blok 2\ClientSide\memorial-platform\node_modules\nx\src\project-graph\utils\retrieve-workspace-files.js:59:12)
    at process.processTicksAndRejections (node:internal/process/task_queues:95:5)
[NX Daemon Server] - 2023-11-28T21:07:32.860Z - Time taken for 'hash changed files from watcher' 24.338800072669983ms
[NX Daemon Server] - 2023-11-28T21:07:32.860Z - Done responding to the client null
[NX Daemon Server] - 2023-11-28T21:09:08.077Z - Started listening on: \\.\pipe\nx\C:\Users\lucas\AppData\Local\Temp\a7e46fce6b9a2b5fdf8b\d.sock
[NX Daemon Server] - 2023-11-28T21:09:08.080Z - [WATCHER]: Subscribed to changes within: C:\Users\lucas\OneDrive\Documenten\School - Avans\Jaar 2\Blok 2\ClientSide\memorial-platform (native)
[NX Daemon Server] - 2023-11-28T21:09:08.089Z - Established a connection. Number of open connections: 1
[NX Daemon Server] - 2023-11-28T21:09:08.091Z - Closed a connection. Number of open connections: 0
[NX Daemon Server] - 2023-11-28T21:09:08.092Z - Established a connection. Number of open connections: 1
[NX Daemon Server] - 2023-11-28T21:09:08.093Z - [REQUEST]: Client Request for Project Graph Received
[NX Daemon Server] - 2023-11-28T21:09:08.175Z - Error detected when recomputing project file map: Cannot create property 'name' on string 'angular-memorial-platform'
[NX Daemon Server] - 2023-11-28T21:09:08.175Z - [REQUEST]: Responding to the client with an error. Error when preparing serialized project graph. Cannot create property 'name' on string 'angular-memorial-platform'
TypeError: Cannot create property 'name' on string 'angular-memorial-platform'
    at toNewFormat (C:\Users\lucas\OneDrive\Documenten\School - Avans\Jaar 2\Blok 2\ClientSide\memorial-platform\node_modules\nx\src\adapter\angular-json.js:64:32)
    at readAngularJson (C:\Users\lucas\OneDrive\Documenten\School - Avans\Jaar 2\Blok 2\ClientSide\memorial-platform\node_modules\nx\src\adapter\angular-json.js:49:12)
    at exports.NxAngularJsonPlugin.createNodes (C:\Users\lucas\OneDrive\Documenten\School - Avans\Jaar 2\Blok 2\ClientSide\memorial-platform\node_modules\nx\src\adapter\angular-json.js:13:23)
    at buildProjectsConfigurationsFromProjectPathsAndPlugins (C:\Users\lucas\OneDrive\Documenten\School - Avans\Jaar 2\Blok 2\ClientSide\memorial-platform\node_modules\nx\src\project-graph\utils\project-configuration-utils.js:77:88)
    at createProjectConfigurations (C:\Users\lucas\OneDrive\Documenten\School - Avans\Jaar 2\Blok 2\ClientSide\memorial-platform\node_modules\nx\src\project-graph\utils\retrieve-workspace-files.js:136:138)
    at WorkspaceContext.<anonymous> (C:\Users\lucas\OneDrive\Documenten\School - Avans\Jaar 2\Blok 2\ClientSide\memorial-platform\node_modules\nx\src\project-graph\utils\retrieve-workspace-files.js:84:54)
    at getProjectConfigurationsFromContext (C:\Users\lucas\OneDrive\Documenten\School - Avans\Jaar 2\Blok 2\ClientSide\memorial-platform\node_modules\nx\src\utils\workspace-context.js:26:29)
    at _retrieveProjectConfigurations (C:\Users\lucas\OneDrive\Documenten\School - Avans\Jaar 2\Blok 2\ClientSide\memorial-platform\node_modules\nx\src\project-graph\utils\retrieve-workspace-files.js:83:65)
    at retrieveProjectConfigurations (C:\Users\lucas\OneDrive\Documenten\School - Avans\Jaar 2\Blok 2\ClientSide\memorial-platform\node_modules\nx\src\project-graph\utils\retrieve-workspace-files.js:59:12)
    at process.processTicksAndRejections (node:internal/process/task_queues:95:5)
[NX Daemon Server] - 2023-11-28T21:09:08.177Z - Time taken for 'hash changed files from watcher' 25.93589997291565ms
[NX Daemon Server] - 2023-11-28T21:09:08.177Z - Done responding to the client null
[NX Daemon Server] - 2023-11-28T21:09:18.764Z - Started listening on: \\.\pipe\nx\C:\Users\lucas\AppData\Local\Temp\a7e46fce6b9a2b5fdf8b\d.sock
[NX Daemon Server] - 2023-11-28T21:09:18.767Z - [WATCHER]: Subscribed to changes within: C:\Users\lucas\OneDrive\Documenten\School - Avans\Jaar 2\Blok 2\ClientSide\memorial-platform (native)
[NX Daemon Server] - 2023-11-28T21:09:18.777Z - Established a connection. Number of open connections: 1
[NX Daemon Server] - 2023-11-28T21:09:18.779Z - Closed a connection. Number of open connections: 0
[NX Daemon Server] - 2023-11-28T21:09:18.779Z - Established a connection. Number of open connections: 1
[NX Daemon Server] - 2023-11-28T21:09:18.781Z - [REQUEST]: Client Request for Project Graph Received
[NX Daemon Server] - 2023-11-28T21:09:18.878Z - Error detected when recomputing project file map: Cannot create property 'name' on string 'angularmemorialplatform'
[NX Daemon Server] - 2023-11-28T21:09:18.878Z - [REQUEST]: Responding to the client with an error. Error when preparing serialized project graph. Cannot create property 'name' on string 'angularmemorialplatform'
TypeError: Cannot create property 'name' on string 'angularmemorialplatform'
    at toNewFormat (C:\Users\lucas\OneDrive\Documenten\School - Avans\Jaar 2\Blok 2\ClientSide\memorial-platform\node_modules\nx\src\adapter\angular-json.js:64:32)
    at readAngularJson (C:\Users\lucas\OneDrive\Documenten\School - Avans\Jaar 2\Blok 2\ClientSide\memorial-platform\node_modules\nx\src\adapter\angular-json.js:49:12)
    at exports.NxAngularJsonPlugin.createNodes (C:\Users\lucas\OneDrive\Documenten\School - Avans\Jaar 2\Blok 2\ClientSide\memorial-platform\node_modules\nx\src\adapter\angular-json.js:13:23)
    at buildProjectsConfigurationsFromProjectPathsAndPlugins (C:\Users\lucas\OneDrive\Documenten\School - Avans\Jaar 2\Blok 2\ClientSide\memorial-platform\node_modules\nx\src\project-graph\utils\project-configuration-utils.js:77:88)
    at createProjectConfigurations (C:\Users\lucas\OneDrive\Documenten\School - Avans\Jaar 2\Blok 2\ClientSide\memorial-platform\node_modules\nx\src\project-graph\utils\retrieve-workspace-files.js:136:138)
    at WorkspaceContext.<anonymous> (C:\Users\lucas\OneDrive\Documenten\School - Avans\Jaar 2\Blok 2\ClientSide\memorial-platform\node_modules\nx\src\project-graph\utils\retrieve-workspace-files.js:84:54)
    at getProjectConfigurationsFromContext (C:\Users\lucas\OneDrive\Documenten\School - Avans\Jaar 2\Blok 2\ClientSide\memorial-platform\node_modules\nx\src\utils\workspace-context.js:26:29)
    at _retrieveProjectConfigurations (C:\Users\lucas\OneDrive\Documenten\School - Avans\Jaar 2\Blok 2\ClientSide\memorial-platform\node_modules\nx\src\project-graph\utils\retrieve-workspace-files.js:83:65)
    at retrieveProjectConfigurations (C:\Users\lucas\OneDrive\Documenten\School - Avans\Jaar 2\Blok 2\ClientSide\memorial-platform\node_modules\nx\src\project-graph\utils\retrieve-workspace-files.js:59:12)
    at process.processTicksAndRejections (node:internal/process/task_queues:95:5)
[NX Daemon Server] - 2023-11-28T21:09:18.880Z - Time taken for 'hash changed files from watcher' 41.098999977111816ms
[NX Daemon Server] - 2023-11-28T21:09:18.880Z - Done responding to the client null
[NX Daemon Server] - 2023-11-28T21:10:36.405Z - Started listening on: \\.\pipe\nx\C:\Users\lucas\AppData\Local\Temp\a7e46fce6b9a2b5fdf8b\d.sock
[NX Daemon Server] - 2023-11-28T21:10:36.409Z - [WATCHER]: Subscribed to changes within: C:\Users\lucas\OneDrive\Documenten\School - Avans\Jaar 2\Blok 2\ClientSide\memorial-platform (native)
[NX Daemon Server] - 2023-11-28T21:10:36.410Z - Established a connection. Number of open connections: 1
[NX Daemon Server] - 2023-11-28T21:10:36.411Z - Established a connection. Number of open connections: 2
[NX Daemon Server] - 2023-11-28T21:10:36.412Z - Closed a connection. Number of open connections: 1
[NX Daemon Server] - 2023-11-28T21:10:36.414Z - [REQUEST]: Client Request for Project Graph Received
[NX Daemon Server] - 2023-11-28T21:10:36.501Z - [REQUEST]: Updated file-hasher based on watched changes, recomputing project graph...
[NX Daemon Server] - 2023-11-28T21:10:36.501Z - [REQUEST]: 
[NX Daemon Server] - 2023-11-28T21:10:36.501Z - [REQUEST]: 

 >  NX   Using `implicitDependencies` for global implicit dependencies configuration is no longer supported.

   Use "namedInputs" instead. You can run "nx repair" to automatically migrate your configuration.
   For more information about the usage of "namedInputs" see https://nx.dev/deprecated/global-implicit-dependencies#global-implicit-dependencies

[NX Daemon Server] - 2023-11-28T21:10:36.778Z - [REQUEST]: Responding to the client. project-graph
[NX Daemon Server] - 2023-11-28T21:10:36.780Z - Time taken for 'total for creating and serializing project graph' 364.5275000333786ms
[NX Daemon Server] - 2023-11-28T21:10:36.780Z - Done responding to the client project-graph
[NX Daemon Server] - 2023-11-28T21:10:36.780Z - Handled REQUEST_PROJECT_GRAPH. Handling time: 365. Response time: 2.
[NX Daemon Server] - 2023-11-28T21:10:36.795Z - Closed a connection. Number of open connections: 0
[NX Daemon Server] - 2023-11-28T21:10:41.707Z - Established a connection. Number of open connections: 1
[NX Daemon Server] - 2023-11-28T21:10:41.707Z - Closed a connection. Number of open connections: 0
[NX Daemon Server] - 2023-11-28T21:10:41.708Z - Established a connection. Number of open connections: 1
[NX Daemon Server] - 2023-11-28T21:10:41.710Z - [REQUEST]: Client Request for Project Graph Received
[NX Daemon Server] - 2023-11-28T21:10:41.710Z - [REQUEST]: Responding to the client. project-graph
[NX Daemon Server] - 2023-11-28T21:10:41.710Z - Time taken for 'total for creating and serializing project graph' 0.16009998321533203ms
[NX Daemon Server] - 2023-11-28T21:10:41.711Z - Done responding to the client project-graph
[NX Daemon Server] - 2023-11-28T21:10:41.711Z - Handled REQUEST_PROJECT_GRAPH. Handling time: 0. Response time: 1.
[NX Daemon Server] - 2023-11-28T21:10:41.783Z - [REQUEST]: Responding to the client. handleHashTasks
[NX Daemon Server] - 2023-11-28T21:10:41.783Z - Done responding to the client handleHashTasks
[NX Daemon Server] - 2023-11-28T21:10:41.783Z - Handled HASH_TASKS. Handling time: 36. Response time: 0.
[NX Daemon Server] - 2023-11-28T21:10:44.497Z - Closed a connection. Number of open connections: 0
[NX Daemon Server] - 2023-11-28T21:10:52.293Z - [WATCHER]: Processing file changes in outputs
[NX Daemon Server] - 2023-11-28T21:10:52.295Z - [WATCHER]: .prettierrc was deleted
[NX Daemon Server] - 2023-11-28T21:10:52.413Z - [REQUEST]: Updated file-hasher based on watched changes, recomputing project graph...
[NX Daemon Server] - 2023-11-28T21:10:52.413Z - [REQUEST]: 
[NX Daemon Server] - 2023-11-28T21:10:52.413Z - [REQUEST]: .prettierrc

 >  NX   Using `implicitDependencies` for global implicit dependencies configuration is no longer supported.

   Use "namedInputs" instead. You can run "nx repair" to automatically migrate your configuration.
   For more information about the usage of "namedInputs" see https://nx.dev/deprecated/global-implicit-dependencies#global-implicit-dependencies

[NX Daemon Server] - 2023-11-28T21:10:52.458Z - Time taken for 'hash changed files from watcher' 0.26989996433258057ms
[NX Daemon Server] - 2023-11-28T21:11:27.754Z - [WATCHER]: Processing file changes in outputs
[NX Daemon Server] - 2023-11-28T21:11:27.755Z - [WATCHER]: README.md was deleted
[NX Daemon Server] - 2023-11-28T21:11:27.983Z - [REQUEST]: Updated file-hasher based on watched changes, recomputing project graph...
[NX Daemon Server] - 2023-11-28T21:11:27.983Z - [REQUEST]: 
[NX Daemon Server] - 2023-11-28T21:11:27.983Z - [REQUEST]: README.md

 >  NX   Using `implicitDependencies` for global implicit dependencies configuration is no longer supported.

   Use "namedInputs" instead. You can run "nx repair" to automatically migrate your configuration.
   For more information about the usage of "namedInputs" see https://nx.dev/deprecated/global-implicit-dependencies#global-implicit-dependencies

[NX Daemon Server] - 2023-11-28T21:11:28.024Z - Time taken for 'hash changed files from watcher' 0.2879999876022339ms
[NX Daemon Server] - 2023-11-28T21:14:51.757Z - [WATCHER]: Processing file changes in outputs
[NX Daemon Server] - 2023-11-28T21:14:51.758Z - [WATCHER]: tools was deleted
[NX Daemon Server] - 2023-11-28T21:14:52.173Z - [REQUEST]: Updated file-hasher based on watched changes, recomputing project graph...
[NX Daemon Server] - 2023-11-28T21:14:52.173Z - [REQUEST]: 
[NX Daemon Server] - 2023-11-28T21:14:52.173Z - [REQUEST]: tools

 >  NX   Using `implicitDependencies` for global implicit dependencies configuration is no longer supported.

   Use "namedInputs" instead. You can run "nx repair" to automatically migrate your configuration.
   For more information about the usage of "namedInputs" see https://nx.dev/deprecated/global-implicit-dependencies#global-implicit-dependencies

[NX Daemon Server] - 2023-11-28T21:14:52.216Z - Time taken for 'hash changed files from watcher' 0.19790005683898926ms
[NX Daemon Server] - 2023-11-28T21:15:03.040Z - [WATCHER]: Processing file changes in outputs
[NX Daemon Server] - 2023-11-28T21:15:03.042Z - [WATCHER]: libs was deleted
[NX Daemon Server] - 2023-11-28T21:15:03.860Z - [REQUEST]: Updated file-hasher based on watched changes, recomputing project graph...
[NX Daemon Server] - 2023-11-28T21:15:03.860Z - [REQUEST]: 
[NX Daemon Server] - 2023-11-28T21:15:03.860Z - [REQUEST]: libs

 >  NX   Using `implicitDependencies` for global implicit dependencies configuration is no longer supported.

   Use "namedInputs" instead. You can run "nx repair" to automatically migrate your configuration.
   For more information about the usage of "namedInputs" see https://nx.dev/deprecated/global-implicit-dependencies#global-implicit-dependencies

[NX Daemon Server] - 2023-11-28T21:15:03.899Z - Time taken for 'hash changed files from watcher' 0.2831000089645386ms
[NX Daemon Server] - 2023-11-28T21:16:44.713Z - Established a connection. Number of open connections: 1
[NX Daemon Server] - 2023-11-28T21:16:44.714Z - Closed a connection. Number of open connections: 0
[NX Daemon Server] - 2023-11-28T21:16:44.714Z - Established a connection. Number of open connections: 1
[NX Daemon Server] - 2023-11-28T21:16:44.716Z - [REQUEST]: Client Request for Project Graph Received
[NX Daemon Server] - 2023-11-28T21:16:44.716Z - [REQUEST]: Responding to the client. project-graph
[NX Daemon Server] - 2023-11-28T21:16:44.717Z - Time taken for 'total for creating and serializing project graph' 0.2369999885559082ms
[NX Daemon Server] - 2023-11-28T21:16:44.717Z - Done responding to the client project-graph
[NX Daemon Server] - 2023-11-28T21:16:44.717Z - Handled REQUEST_PROJECT_GRAPH. Handling time: 0. Response time: 1.
[NX Daemon Server] - 2023-11-28T21:16:44.768Z - [REQUEST]: Responding to the client. handleHashTasks
[NX Daemon Server] - 2023-11-28T21:16:44.768Z - Done responding to the client handleHashTasks
[NX Daemon Server] - 2023-11-28T21:16:44.768Z - Handled HASH_TASKS. Handling time: 31. Response time: 0.
[NX Daemon Server] - 2023-11-28T21:16:48.251Z - Established a connection. Number of open connections: 2
[NX Daemon Server] - 2023-11-28T21:16:48.251Z - Closed a connection. Number of open connections: 1
[NX Daemon Server] - 2023-11-28T21:16:48.252Z - Established a connection. Number of open connections: 2
[NX Daemon Server] - 2023-11-28T21:16:48.254Z - [REQUEST]: Client Request for Project Graph Received
[NX Daemon Server] - 2023-11-28T21:16:48.254Z - [REQUEST]: Responding to the client. project-graph
[NX Daemon Server] - 2023-11-28T21:16:48.254Z - Time taken for 'total for creating and serializing project graph' 0.17910003662109375ms
[NX Daemon Server] - 2023-11-28T21:16:48.255Z - Done responding to the client project-graph
[NX Daemon Server] - 2023-11-28T21:16:48.255Z - Handled REQUEST_PROJECT_GRAPH. Handling time: 0. Response time: 1.
[NX Daemon Server] - 2023-11-28T21:17:14.866Z - [WATCHER]: Processing file changes in outputs
[NX Daemon Server] - 2023-11-28T21:17:14.916Z - [WATCHER]: Processing file changes in outputs
[NX Daemon Server] - 2023-11-28T21:17:14.979Z - [WATCHER]: Processing file changes in outputs
[NX Daemon Server] - 2023-11-28T21:17:40.216Z - Closed a connection. Number of open connections: 1
[NX Daemon Server] - 2023-11-28T21:17:40.221Z - Closed a connection. Number of open connections: 0
[NX Daemon Server] - 2023-11-28T21:17:42.320Z - Established a connection. Number of open connections: 1
[NX Daemon Server] - 2023-11-28T21:17:42.320Z - Closed a connection. Number of open connections: 0
[NX Daemon Server] - 2023-11-28T21:17:42.321Z - Established a connection. Number of open connections: 1
[NX Daemon Server] - 2023-11-28T21:17:42.322Z - [REQUEST]: Client Request for Project Graph Received
[NX Daemon Server] - 2023-11-28T21:17:42.322Z - [REQUEST]: Responding to the client. project-graph
[NX Daemon Server] - 2023-11-28T21:17:42.323Z - Time taken for 'total for creating and serializing project graph' 0.1128000020980835ms
[NX Daemon Server] - 2023-11-28T21:17:42.324Z - Done responding to the client project-graph
[NX Daemon Server] - 2023-11-28T21:17:42.324Z - Handled REQUEST_PROJECT_GRAPH. Handling time: 0. Response time: 2.
[NX Daemon Server] - 2023-11-28T21:17:42.356Z - Closed a connection. Number of open connections: 0
[NX Daemon Server] - 2023-11-28T21:19:29.790Z - [WATCHER]: apps/api/project.json was modified
[NX Daemon Server] - 2023-11-28T21:19:29.790Z - [WATCHER]: Processing file changes in outputs
[NX Daemon Server] - 2023-11-28T21:19:29.913Z - [REQUEST]: Updated file-hasher based on watched changes, recomputing project graph...
[NX Daemon Server] - 2023-11-28T21:19:29.913Z - [REQUEST]: apps/api/project.json
[NX Daemon Server] - 2023-11-28T21:19:29.913Z - [REQUEST]: 

 >  NX   Using `implicitDependencies` for global implicit dependencies configuration is no longer supported.

   Use "namedInputs" instead. You can run "nx repair" to automatically migrate your configuration.
   For more information about the usage of "namedInputs" see https://nx.dev/deprecated/global-implicit-dependencies#global-implicit-dependencies

[NX Daemon Server] - 2023-11-28T21:19:29.978Z - Time taken for 'hash changed files from watcher' 3.9084999561309814ms
[NX Daemon Server] - 2023-11-28T21:20:47.499Z - Established a connection. Number of open connections: 1
[NX Daemon Server] - 2023-11-28T21:20:47.499Z - Closed a connection. Number of open connections: 0
[NX Daemon Server] - 2023-11-28T21:20:47.500Z - Established a connection. Number of open connections: 1
[NX Daemon Server] - 2023-11-28T21:20:47.502Z - [REQUEST]: Client Request for Project Graph Received
[NX Daemon Server] - 2023-11-28T21:20:47.502Z - [REQUEST]: Responding to the client. project-graph
[NX Daemon Server] - 2023-11-28T21:20:47.503Z - Time taken for 'total for creating and serializing project graph' 0.15199995040893555ms
[NX Daemon Server] - 2023-11-28T21:20:47.503Z - Done responding to the client project-graph
[NX Daemon Server] - 2023-11-28T21:20:47.503Z - Handled REQUEST_PROJECT_GRAPH. Handling time: 0. Response time: 1.
[NX Daemon Server] - 2023-11-28T21:20:47.529Z - Closed a connection. Number of open connections: 0
[NX Daemon Server] - 2023-11-28T21:20:55.649Z - Established a connection. Number of open connections: 1
[NX Daemon Server] - 2023-11-28T21:20:55.650Z - Closed a connection. Number of open connections: 0
[NX Daemon Server] - 2023-11-28T21:20:55.650Z - Established a connection. Number of open connections: 1
[NX Daemon Server] - 2023-11-28T21:20:55.652Z - [REQUEST]: Client Request for Project Graph Received
[NX Daemon Server] - 2023-11-28T21:20:55.652Z - [REQUEST]: Responding to the client. project-graph
[NX Daemon Server] - 2023-11-28T21:20:55.653Z - Time taken for 'total for creating and serializing project graph' 0.12689995765686035ms
[NX Daemon Server] - 2023-11-28T21:20:55.653Z - Done responding to the client project-graph
[NX Daemon Server] - 2023-11-28T21:20:55.653Z - Handled REQUEST_PROJECT_GRAPH. Handling time: 0. Response time: 1.
[NX Daemon Server] - 2023-11-28T21:20:55.681Z - Closed a connection. Number of open connections: 0
[NX Daemon Server] - 2023-11-28T21:21:24.475Z - [WATCHER]: apps/api/project.json was modified
[NX Daemon Server] - 2023-11-28T21:21:24.476Z - [WATCHER]: Processing file changes in outputs
[NX Daemon Server] - 2023-11-28T21:21:24.598Z - [REQUEST]: Updated file-hasher based on watched changes, recomputing project graph...
[NX Daemon Server] - 2023-11-28T21:21:24.598Z - [REQUEST]: apps/api/project.json
[NX Daemon Server] - 2023-11-28T21:21:24.598Z - [REQUEST]: 

 >  NX   Using `implicitDependencies` for global implicit dependencies configuration is no longer supported.

   Use "namedInputs" instead. You can run "nx repair" to automatically migrate your configuration.
   For more information about the usage of "namedInputs" see https://nx.dev/deprecated/global-implicit-dependencies#global-implicit-dependencies

[NX Daemon Server] - 2023-11-28T21:21:24.659Z - Time taken for 'hash changed files from watcher' 4.259799957275391ms
[NX Daemon Server] - 2023-11-28T21:21:27.761Z - Established a connection. Number of open connections: 1
[NX Daemon Server] - 2023-11-28T21:21:27.762Z - Closed a connection. Number of open connections: 0
[NX Daemon Server] - 2023-11-28T21:21:27.762Z - Established a connection. Number of open connections: 1
[NX Daemon Server] - 2023-11-28T21:21:27.764Z - [REQUEST]: Client Request for Project Graph Received
[NX Daemon Server] - 2023-11-28T21:21:27.764Z - [REQUEST]: Responding to the client. project-graph
[NX Daemon Server] - 2023-11-28T21:21:27.765Z - Time taken for 'total for creating and serializing project graph' 0.11720001697540283ms
[NX Daemon Server] - 2023-11-28T21:21:27.765Z - Done responding to the client project-graph
[NX Daemon Server] - 2023-11-28T21:21:27.765Z - Handled REQUEST_PROJECT_GRAPH. Handling time: 0. Response time: 1.
[NX Daemon Server] - 2023-11-28T21:21:27.792Z - Closed a connection. Number of open connections: 0
[NX Daemon Server] - 2023-11-28T21:21:30.531Z - Established a connection. Number of open connections: 1
[NX Daemon Server] - 2023-11-28T21:21:30.531Z - Closed a connection. Number of open connections: 0
[NX Daemon Server] - 2023-11-28T21:21:30.532Z - Established a connection. Number of open connections: 1
[NX Daemon Server] - 2023-11-28T21:21:30.535Z - [REQUEST]: Client Request for Project Graph Received
[NX Daemon Server] - 2023-11-28T21:21:30.535Z - [REQUEST]: Responding to the client. project-graph
[NX Daemon Server] - 2023-11-28T21:21:30.535Z - Time taken for 'total for creating and serializing project graph' 0.17599999904632568ms
[NX Daemon Server] - 2023-11-28T21:21:30.536Z - Done responding to the client project-graph
[NX Daemon Server] - 2023-11-28T21:21:30.536Z - Handled REQUEST_PROJECT_GRAPH. Handling time: 0. Response time: 1.
[NX Daemon Server] - 2023-11-28T21:21:30.562Z - Closed a connection. Number of open connections: 0
[NX Daemon Server] - 2023-11-28T21:21:39.645Z - Established a connection. Number of open connections: 1
[NX Daemon Server] - 2023-11-28T21:21:39.646Z - Closed a connection. Number of open connections: 0
[NX Daemon Server] - 2023-11-28T21:21:39.646Z - Established a connection. Number of open connections: 1
[NX Daemon Server] - 2023-11-28T21:21:39.648Z - [REQUEST]: Client Request for Project Graph Received
[NX Daemon Server] - 2023-11-28T21:21:39.648Z - [REQUEST]: Responding to the client. project-graph
[NX Daemon Server] - 2023-11-28T21:21:39.649Z - Time taken for 'total for creating and serializing project graph' 0.17499995231628418ms
[NX Daemon Server] - 2023-11-28T21:21:39.649Z - Done responding to the client project-graph
[NX Daemon Server] - 2023-11-28T21:21:39.649Z - Handled REQUEST_PROJECT_GRAPH. Handling time: 0. Response time: 1.
[NX Daemon Server] - 2023-11-28T21:21:39.676Z - Closed a connection. Number of open connections: 0
[NX Daemon Server] - 2023-11-28T21:22:18.226Z - [WATCHER]: Processing file changes in outputs
[NX Daemon Server] - 2023-11-28T21:22:18.227Z - [WATCHER]: apps/api/project.json was modified
[NX Daemon Server] - 2023-11-28T21:22:18.347Z - [REQUEST]: Updated file-hasher based on watched changes, recomputing project graph...
[NX Daemon Server] - 2023-11-28T21:22:18.347Z - [REQUEST]: apps/api/project.json
[NX Daemon Server] - 2023-11-28T21:22:18.347Z - [REQUEST]: 

 >  NX   Using `implicitDependencies` for global implicit dependencies configuration is no longer supported.

   Use "namedInputs" instead. You can run "nx repair" to automatically migrate your configuration.
   For more information about the usage of "namedInputs" see https://nx.dev/deprecated/global-implicit-dependencies#global-implicit-dependencies

[NX Daemon Server] - 2023-11-28T21:22:18.403Z - Time taken for 'hash changed files from watcher' 4.326599955558777ms
[NX Daemon Server] - 2023-11-28T21:22:30.907Z - Established a connection. Number of open connections: 1
[NX Daemon Server] - 2023-11-28T21:22:30.907Z - Closed a connection. Number of open connections: 0
[NX Daemon Server] - 2023-11-28T21:22:30.908Z - Established a connection. Number of open connections: 1
[NX Daemon Server] - 2023-11-28T21:22:30.910Z - [REQUEST]: Client Request for Project Graph Received
[NX Daemon Server] - 2023-11-28T21:22:30.910Z - [REQUEST]: Responding to the client. project-graph
[NX Daemon Server] - 2023-11-28T21:22:30.911Z - Time taken for 'total for creating and serializing project graph' 0.19350004196166992ms
[NX Daemon Server] - 2023-11-28T21:22:30.911Z - Done responding to the client project-graph
[NX Daemon Server] - 2023-11-28T21:22:30.911Z - Handled REQUEST_PROJECT_GRAPH. Handling time: 0. Response time: 1.
[NX Daemon Server] - 2023-11-28T21:22:30.941Z - Closed a connection. Number of open connections: 0
[NX Daemon Server] - 2023-11-28T21:26:52.025Z - [WATCHER]: Processing file changes in outputs
[NX Daemon Server] - 2023-11-28T21:26:52.026Z - [WATCHER]: apps/api/project.json was modified
[NX Daemon Server] - 2023-11-28T21:26:52.146Z - [REQUEST]: Updated file-hasher based on watched changes, recomputing project graph...
[NX Daemon Server] - 2023-11-28T21:26:52.146Z - [REQUEST]: apps/api/project.json
[NX Daemon Server] - 2023-11-28T21:26:52.146Z - [REQUEST]: 

 >  NX   Using `implicitDependencies` for global implicit dependencies configuration is no longer supported.

   Use "namedInputs" instead. You can run "nx repair" to automatically migrate your configuration.
   For more information about the usage of "namedInputs" see https://nx.dev/deprecated/global-implicit-dependencies#global-implicit-dependencies

[NX Daemon Server] - 2023-11-28T21:26:52.202Z - Time taken for 'hash changed files from watcher' 5.479900002479553ms
[NX Daemon Server] - 2023-11-28T21:26:56.080Z - Established a connection. Number of open connections: 1
[NX Daemon Server] - 2023-11-28T21:26:56.080Z - Closed a connection. Number of open connections: 0
[NX Daemon Server] - 2023-11-28T21:26:56.081Z - Established a connection. Number of open connections: 1
[NX Daemon Server] - 2023-11-28T21:26:56.084Z - [REQUEST]: Client Request for Project Graph Received
[NX Daemon Server] - 2023-11-28T21:26:56.084Z - [REQUEST]: Responding to the client. project-graph
[NX Daemon Server] - 2023-11-28T21:26:56.085Z - Time taken for 'total for creating and serializing project graph' 0.1826000213623047ms
[NX Daemon Server] - 2023-11-28T21:26:56.085Z - Done responding to the client project-graph
[NX Daemon Server] - 2023-11-28T21:26:56.085Z - Handled REQUEST_PROJECT_GRAPH. Handling time: 0. Response time: 1.
[NX Daemon Server] - 2023-11-28T21:26:56.133Z - [REQUEST]: Responding to the client. handleHashTasks
[NX Daemon Server] - 2023-11-28T21:26:56.133Z - Done responding to the client handleHashTasks
[NX Daemon Server] - 2023-11-28T21:26:56.133Z - Handled HASH_TASKS. Handling time: 23. Response time: 0.
[NX Daemon Server] - 2023-11-28T21:27:00.069Z - [WATCHER]: Processing file changes in outputs
[NX Daemon Server] - 2023-11-28T21:27:10.359Z - [WATCHER]: Processing file changes in outputs
[NX Daemon Server] - 2023-11-28T21:27:27.505Z - [REQUEST]: Responding to the client. recordOutputsHash
[NX Daemon Server] - 2023-11-28T21:27:27.505Z - Done responding to the client recordOutputsHash
[NX Daemon Server] - 2023-11-28T21:27:27.505Z - Handled RECORD_OUTPUTS_HASH. Handling time: 0. Response time: 0.
[NX Daemon Server] - 2023-11-28T21:27:27.518Z - Closed a connection. Number of open connections: 0
[NX Daemon Server] - 2023-12-03T19:33:48.227Z - Started listening on: \\.\pipe\nx\C:\Users\lucas\AppData\Local\Temp\a7e46fce6b9a2b5fdf8b\d.sock
[NX Daemon Server] - 2023-12-03T19:33:48.241Z - [WATCHER]: Subscribed to changes within: C:\Users\lucas\OneDrive\Documenten\School - Avans\Jaar 2\Blok 2\ClientSide\memorial-platform (native)
[NX Daemon Server] - 2023-12-03T19:33:48.242Z - Established a connection. Number of open connections: 1
[NX Daemon Server] - 2023-12-03T19:33:48.243Z - Established a connection. Number of open connections: 2
[NX Daemon Server] - 2023-12-03T19:33:48.245Z - Closed a connection. Number of open connections: 1
[NX Daemon Server] - 2023-12-03T19:33:48.247Z - [REQUEST]: Client Request for Project Graph Received
[NX Daemon Server] - 2023-12-03T19:33:48.605Z - [REQUEST]: Updated file-hasher based on watched changes, recomputing project graph...
[NX Daemon Server] - 2023-12-03T19:33:48.606Z - [REQUEST]: 
[NX Daemon Server] - 2023-12-03T19:33:48.606Z - [REQUEST]: 

 >  NX   Using `implicitDependencies` for global implicit dependencies configuration is no longer supported.

   Use "namedInputs" instead. You can run "nx repair" to automatically migrate your configuration.
   For more information about the usage of "namedInputs" see https://nx.dev/deprecated/global-implicit-dependencies#global-implicit-dependencies

[NX Daemon Server] - 2023-12-03T19:33:48.666Z - [REQUEST]: Responding to the client. project-graph
[NX Daemon Server] - 2023-12-03T19:33:48.669Z - Time taken for 'total for creating and serializing project graph' 419.5255000591278ms
[NX Daemon Server] - 2023-12-03T19:33:48.669Z - Done responding to the client project-graph
[NX Daemon Server] - 2023-12-03T19:33:48.669Z - Handled REQUEST_PROJECT_GRAPH. Handling time: 420. Response time: 3.
[NX Daemon Server] - 2023-12-03T19:33:48.891Z - [REQUEST]: Responding to the client. handleHashTasks
[NX Daemon Server] - 2023-12-03T19:33:48.893Z - Done responding to the client handleHashTasks
[NX Daemon Server] - 2023-12-03T19:33:48.894Z - Handled HASH_TASKS. Handling time: 50. Response time: 3.
[NX Daemon Server] - 2023-12-03T19:34:00.299Z - [WATCHER]: Processing file changes in outputs
[NX Daemon Server] - 2023-12-03T19:34:16.997Z - [WATCHER]: Processing file changes in outputs
[NX Daemon Server] - 2023-12-03T19:35:00.948Z - [WATCHER]: Processing file changes in outputs
[NX Daemon Server] - 2023-12-03T19:35:29.137Z - Closed a connection. Number of open connections: 0
[NX Daemon Server] - 2023-12-03T19:35:31.099Z - Established a connection. Number of open connections: 1
[NX Daemon Server] - 2023-12-03T19:35:31.099Z - Closed a connection. Number of open connections: 0
[NX Daemon Server] - 2023-12-03T19:35:31.100Z - Established a connection. Number of open connections: 1
[NX Daemon Server] - 2023-12-03T19:35:31.101Z - [REQUEST]: Client Request for Project Graph Received
[NX Daemon Server] - 2023-12-03T19:35:31.102Z - [REQUEST]: Responding to the client. project-graph
[NX Daemon Server] - 2023-12-03T19:35:31.102Z - Time taken for 'total for creating and serializing project graph' 0.26469993591308594ms
[NX Daemon Server] - 2023-12-03T19:35:31.102Z - Done responding to the client project-graph
[NX Daemon Server] - 2023-12-03T19:35:31.102Z - Handled REQUEST_PROJECT_GRAPH. Handling time: 1. Response time: 0.
[NX Daemon Server] - 2023-12-03T19:35:31.124Z - [REQUEST]: Responding to the client. handleHashTasks
[NX Daemon Server] - 2023-12-03T19:35:31.125Z - Done responding to the client handleHashTasks
[NX Daemon Server] - 2023-12-03T19:35:31.125Z - Handled HASH_TASKS. Handling time: 1. Response time: 1.
[NX Daemon Server] - 2023-12-03T19:35:32.210Z - [WATCHER]: Processing file changes in outputs
[NX Daemon Server] - 2023-12-03T19:35:38.407Z - [WATCHER]: Processing file changes in outputs
[NX Daemon Server] - 2023-12-03T19:37:08.552Z - Closed a connection. Number of open connections: 0
[NX Daemon Server] - 2023-12-03T19:37:15.757Z - Established a connection. Number of open connections: 1
[NX Daemon Server] - 2023-12-03T19:37:15.758Z - Closed a connection. Number of open connections: 0
[NX Daemon Server] - 2023-12-03T19:37:15.758Z - Established a connection. Number of open connections: 1
[NX Daemon Server] - 2023-12-03T19:37:15.759Z - [REQUEST]: Client Request for Project Graph Received
[NX Daemon Server] - 2023-12-03T19:37:15.760Z - [REQUEST]: Responding to the client. project-graph
[NX Daemon Server] - 2023-12-03T19:37:15.761Z - Time taken for 'total for creating and serializing project graph' 0.16170001029968262ms
[NX Daemon Server] - 2023-12-03T19:37:15.761Z - Done responding to the client project-graph
[NX Daemon Server] - 2023-12-03T19:37:15.761Z - Handled REQUEST_PROJECT_GRAPH. Handling time: 1. Response time: 1.
[NX Daemon Server] - 2023-12-03T19:37:15.765Z - Closed a connection. Number of open connections: 0
[NX Daemon Server] - 2023-12-03T19:37:15.766Z - Established a connection. Number of open connections: 1
[NX Daemon Server] - 2023-12-03T19:37:15.766Z - Closed a connection. Number of open connections: 0
[NX Daemon Server] - 2023-12-03T19:37:15.766Z - Established a connection. Number of open connections: 1
[NX Daemon Server] - 2023-12-03T19:37:15.767Z - [REQUEST]: Responding to the client. handleRequestFileData
[NX Daemon Server] - 2023-12-03T19:37:15.767Z - Done responding to the client handleRequestFileData
[NX Daemon Server] - 2023-12-03T19:37:15.767Z - Handled REQUEST_FILE_DATA. Handling time: 0. Response time: 0.
[NX Daemon Server] - 2023-12-03T19:37:48.494Z - [WATCHER]: Processing file changes in outputs
[NX Daemon Server] - 2023-12-03T19:40:03.365Z - [WATCHER]: Processing file changes in outputs
[NX Daemon Server] - 2023-12-03T19:40:18.904Z - [WATCHER]: Processing file changes in outputs
[NX Daemon Server] - 2023-12-03T19:40:23.502Z - [WATCHER]: Processing file changes in outputs
[NX Daemon Server] - 2023-12-03T19:40:31.053Z - Established a connection. Number of open connections: 2
[NX Daemon Server] - 2023-12-03T19:40:31.053Z - Closed a connection. Number of open connections: 1
[NX Daemon Server] - 2023-12-03T19:40:31.054Z - Established a connection. Number of open connections: 2
[NX Daemon Server] - 2023-12-03T19:40:31.056Z - [REQUEST]: Client Request for Project Graph Received
[NX Daemon Server] - 2023-12-03T19:40:31.056Z - [REQUEST]: Responding to the client. project-graph
[NX Daemon Server] - 2023-12-03T19:40:31.056Z - Time taken for 'total for creating and serializing project graph' 0.13319993019104004ms
[NX Daemon Server] - 2023-12-03T19:40:31.057Z - Done responding to the client project-graph
[NX Daemon Server] - 2023-12-03T19:40:31.057Z - Handled REQUEST_PROJECT_GRAPH. Handling time: 0. Response time: 1.
[NX Daemon Server] - 2023-12-03T19:40:31.080Z - [REQUEST]: Responding to the client. handleHashTasks
[NX Daemon Server] - 2023-12-03T19:40:31.081Z - Done responding to the client handleHashTasks
[NX Daemon Server] - 2023-12-03T19:40:31.081Z - Handled HASH_TASKS. Handling time: 1. Response time: 1.
[NX Daemon Server] - 2023-12-03T19:40:32.265Z - [WATCHER]: Processing file changes in outputs
[NX Daemon Server] - 2023-12-03T19:40:37.912Z - [WATCHER]: Processing file changes in outputs
[NX Daemon Server] - 2023-12-03T19:40:47.232Z - Closed a connection. Number of open connections: 1
[NX Daemon Server] - 2023-12-03T19:40:50.487Z - [WATCHER]: Processing file changes in outputs
[NX Daemon Server] - 2023-12-03T19:41:16.973Z - [WATCHER]: Processing file changes in outputs
[NX Daemon Server] - 2023-12-03T19:41:18.623Z - Established a connection. Number of open connections: 2
[NX Daemon Server] - 2023-12-03T19:41:18.623Z - Closed a connection. Number of open connections: 1
[NX Daemon Server] - 2023-12-03T19:41:18.624Z - Established a connection. Number of open connections: 2
[NX Daemon Server] - 2023-12-03T19:41:18.626Z - [REQUEST]: Client Request for Project Graph Received
[NX Daemon Server] - 2023-12-03T19:41:18.626Z - [REQUEST]: Responding to the client. project-graph
[NX Daemon Server] - 2023-12-03T19:41:18.627Z - Time taken for 'total for creating and serializing project graph' 0.15369999408721924ms
[NX Daemon Server] - 2023-12-03T19:41:18.627Z - Done responding to the client project-graph
[NX Daemon Server] - 2023-12-03T19:41:18.627Z - Handled REQUEST_PROJECT_GRAPH. Handling time: 0. Response time: 1.
[NX Daemon Server] - 2023-12-03T19:41:18.650Z - [REQUEST]: Responding to the client. handleHashTasks
[NX Daemon Server] - 2023-12-03T19:41:18.650Z - Done responding to the client handleHashTasks
[NX Daemon Server] - 2023-12-03T19:41:18.650Z - Handled HASH_TASKS. Handling time: 2. Response time: 0.
[NX Daemon Server] - 2023-12-03T19:41:19.725Z - [WATCHER]: Processing file changes in outputs
[NX Daemon Server] - 2023-12-03T19:41:25.485Z - [WATCHER]: Processing file changes in outputs
[NX Daemon Server] - 2023-12-03T19:41:30.413Z - Closed a connection. Number of open connections: 1
[NX Daemon Server] - 2023-12-03T19:45:04.457Z - [WATCHER]: Processing file changes in outputs
[NX Daemon Server] - 2023-12-03T19:45:18.410Z - [WATCHER]: Processing file changes in outputs
[NX Daemon Server] - 2023-12-03T19:46:16.498Z - [WATCHER]: Processing file changes in outputs
[NX Daemon Server] - 2023-12-03T19:46:16.499Z - [WATCHER]: apps/api/src/app/memorials/memorial.module.ts was modified
[NX Daemon Server] - 2023-12-03T19:46:16.619Z - [REQUEST]: Updated file-hasher based on watched changes, recomputing project graph...
[NX Daemon Server] - 2023-12-03T19:46:16.619Z - [REQUEST]: apps/api/src/app/memorials/memorial.module.ts
[NX Daemon Server] - 2023-12-03T19:46:16.619Z - [REQUEST]: 

 >  NX   Using `implicitDependencies` for global implicit dependencies configuration is no longer supported.

   Use "namedInputs" instead. You can run "nx repair" to automatically migrate your configuration.
   For more information about the usage of "namedInputs" see https://nx.dev/deprecated/global-implicit-dependencies#global-implicit-dependencies

[NX Daemon Server] - 2023-12-03T19:46:16.831Z - Time taken for 'hash changed files from watcher' 0.30490005016326904ms
[NX Daemon Server] - 2023-12-03T19:46:27.588Z - [WATCHER]: Processing file changes in outputs
[NX Daemon Server] - 2023-12-03T19:46:51.465Z - [WATCHER]: apps/api/src/environments/environment.prod.ts was modified
[NX Daemon Server] - 2023-12-03T19:46:51.466Z - [WATCHER]: Processing file changes in outputs
[NX Daemon Server] - 2023-12-03T19:46:51.678Z - [REQUEST]: Updated file-hasher based on watched changes, recomputing project graph...
[NX Daemon Server] - 2023-12-03T19:46:51.678Z - [REQUEST]: apps/api/src/environments/environment.prod.ts
[NX Daemon Server] - 2023-12-03T19:46:51.678Z - [REQUEST]: 

 >  NX   Using `implicitDependencies` for global implicit dependencies configuration is no longer supported.

   Use "namedInputs" instead. You can run "nx repair" to automatically migrate your configuration.
   For more information about the usage of "namedInputs" see https://nx.dev/deprecated/global-implicit-dependencies#global-implicit-dependencies

[NX Daemon Server] - 2023-12-03T19:46:51.731Z - Time taken for 'hash changed files from watcher' 0.37849998474121094ms
[NX Daemon Server] - 2023-12-03T19:46:58.776Z - [WATCHER]: apps/api/src/environments/environment.prod.ts was modified
[NX Daemon Server] - 2023-12-03T19:46:58.777Z - [WATCHER]: Processing file changes in outputs
[NX Daemon Server] - 2023-12-03T19:46:59.192Z - [REQUEST]: Updated file-hasher based on watched changes, recomputing project graph...
[NX Daemon Server] - 2023-12-03T19:46:59.192Z - [REQUEST]: apps/api/src/environments/environment.prod.ts
[NX Daemon Server] - 2023-12-03T19:46:59.192Z - [REQUEST]: 

 >  NX   Using `implicitDependencies` for global implicit dependencies configuration is no longer supported.

   Use "namedInputs" instead. You can run "nx repair" to automatically migrate your configuration.
   For more information about the usage of "namedInputs" see https://nx.dev/deprecated/global-implicit-dependencies#global-implicit-dependencies

[NX Daemon Server] - 2023-12-03T19:46:59.234Z - Time taken for 'hash changed files from watcher' 0.33379995822906494ms
[NX Daemon Server] - 2023-12-03T19:47:03.264Z - [WATCHER]: Processing file changes in outputs
[NX Daemon Server] - 2023-12-03T19:47:03.265Z - [WATCHER]: apps/api/src/environments/environment.prod.ts was modified
[NX Daemon Server] - 2023-12-03T19:47:04.086Z - [REQUEST]: Updated file-hasher based on watched changes, recomputing project graph...
[NX Daemon Server] - 2023-12-03T19:47:04.086Z - [REQUEST]: apps/api/src/environments/environment.prod.ts
[NX Daemon Server] - 2023-12-03T19:47:04.086Z - [REQUEST]: 

 >  NX   Using `implicitDependencies` for global implicit dependencies configuration is no longer supported.

   Use "namedInputs" instead. You can run "nx repair" to automatically migrate your configuration.
   For more information about the usage of "namedInputs" see https://nx.dev/deprecated/global-implicit-dependencies#global-implicit-dependencies

[NX Daemon Server] - 2023-12-03T19:47:04.125Z - Time taken for 'hash changed files from watcher' 0.4627000093460083ms
[NX Daemon Server] - 2023-12-03T19:47:07.969Z - Established a connection. Number of open connections: 2
[NX Daemon Server] - 2023-12-03T19:47:07.970Z - Closed a connection. Number of open connections: 1
[NX Daemon Server] - 2023-12-03T19:47:07.970Z - Established a connection. Number of open connections: 2
[NX Daemon Server] - 2023-12-03T19:47:07.973Z - [REQUEST]: Client Request for Project Graph Received
[NX Daemon Server] - 2023-12-03T19:47:07.973Z - [REQUEST]: Responding to the client. project-graph
[NX Daemon Server] - 2023-12-03T19:47:07.974Z - Time taken for 'total for creating and serializing project graph' 0.18970000743865967ms
[NX Daemon Server] - 2023-12-03T19:47:07.974Z - Done responding to the client project-graph
[NX Daemon Server] - 2023-12-03T19:47:07.974Z - Handled REQUEST_PROJECT_GRAPH. Handling time: 0. Response time: 1.
[NX Daemon Server] - 2023-12-03T19:47:08.019Z - [REQUEST]: Responding to the client. handleHashTasks
[NX Daemon Server] - 2023-12-03T19:47:08.020Z - Done responding to the client handleHashTasks
[NX Daemon Server] - 2023-12-03T19:47:08.020Z - Handled HASH_TASKS. Handling time: 25. Response time: 1.
[NX Daemon Server] - 2023-12-03T19:47:09.068Z - [WATCHER]: Processing file changes in outputs
[NX Daemon Server] - 2023-12-03T19:47:14.681Z - [WATCHER]: Processing file changes in outputs
